2022-05-22 17:25:58,490 INFO o.a.j.u.JMeterUtils: Setting Locale to en_EN
2022-05-22 17:25:58,503 INFO o.a.j.JMeter: Loading user properties from: /home/koon/jmeter/apache-jmeter-5.4.3/bin/user.properties
2022-05-22 17:25:58,503 INFO o.a.j.JMeter: Loading system properties from: /home/koon/jmeter/apache-jmeter-5.4.3/bin/system.properties
2022-05-22 17:25:58,504 INFO o.a.j.JMeter: Setting JMeter property: jmeter.save.saveservice.output_format=xml
2022-05-22 17:25:58,513 INFO o.a.j.JMeter: Copyright (c) 1998-2021 The Apache Software Foundation
2022-05-22 17:25:58,513 INFO o.a.j.JMeter: Version 5.4.3
2022-05-22 17:25:58,514 INFO o.a.j.JMeter: java.version=1.8.0_312
2022-05-22 17:25:58,514 INFO o.a.j.JMeter: java.vm.name=OpenJDK 64-Bit Server VM
2022-05-22 17:25:58,514 INFO o.a.j.JMeter: os.name=Linux
2022-05-22 17:25:58,514 INFO o.a.j.JMeter: os.arch=amd64
2022-05-22 17:25:58,514 INFO o.a.j.JMeter: os.version=5.4.0-110-generic
2022-05-22 17:25:58,514 INFO o.a.j.JMeter: file.encoding=UTF-8
2022-05-22 17:25:58,514 INFO o.a.j.JMeter: java.awt.headless=true
2022-05-22 17:25:58,514 INFO o.a.j.JMeter: Max memory     =1073741824
2022-05-22 17:25:58,514 INFO o.a.j.JMeter: Available Processors =4
2022-05-22 17:25:58,520 INFO o.a.j.JMeter: Default Locale=English (EN)
2022-05-22 17:25:58,520 INFO o.a.j.JMeter: JMeter  Locale=English (EN)
2022-05-22 17:25:58,520 INFO o.a.j.JMeter: JMeterHome=/home/koon/jmeter/apache-jmeter-5.4.3
2022-05-22 17:25:58,520 INFO o.a.j.JMeter: user.dir  =/home/koon/jmeter/mttest_fomd
2022-05-22 17:25:58,520 INFO o.a.j.JMeter: PWD       =/home/koon/jmeter/mttest_fomd
2022-05-22 17:25:58,521 INFO o.a.j.JMeter: IP: 127.0.1.1 Name: koon-grambook FullName: koon-grambook
2022-05-22 17:25:58,526 INFO o.a.j.s.FileServer: Default base='/home/koon/jmeter/mttest_fomd'
2022-05-22 17:25:58,527 INFO o.a.j.s.FileServer: Set new base='/home/koon/jmeter/mttest_fomd/./src/main/resources'
2022-05-22 17:25:58,681 INFO o.a.j.s.SaveService: Testplan (JMX) version: 2.2. Testlog (JTL) version: 2.2
2022-05-22 17:25:58,699 INFO o.a.j.s.SaveService: Using SaveService properties file encoding UTF-8
2022-05-22 17:25:58,704 INFO o.a.j.s.SaveService: Using SaveService properties version 5.0
2022-05-22 17:25:58,711 INFO o.a.j.s.SaveService: Loading file: ./src/main/resources/first.jmx
2022-05-22 17:25:58,771 INFO o.a.j.p.h.s.HTTPSamplerBase: Parser for text/html is org.apache.jmeter.protocol.http.parser.LagartoBasedHtmlParser
2022-05-22 17:25:58,771 INFO o.a.j.p.h.s.HTTPSamplerBase: Parser for application/xhtml+xml is org.apache.jmeter.protocol.http.parser.LagartoBasedHtmlParser
2022-05-22 17:25:58,771 INFO o.a.j.p.h.s.HTTPSamplerBase: Parser for application/xml is org.apache.jmeter.protocol.http.parser.LagartoBasedHtmlParser
2022-05-22 17:25:58,772 INFO o.a.j.p.h.s.HTTPSamplerBase: Parser for text/xml is org.apache.jmeter.protocol.http.parser.LagartoBasedHtmlParser
2022-05-22 17:25:58,772 INFO o.a.j.p.h.s.HTTPSamplerBase: Parser for text/vnd.wap.wml is org.apache.jmeter.protocol.http.parser.RegexpHTMLParser
2022-05-22 17:25:58,772 INFO o.a.j.p.h.s.HTTPSamplerBase: Parser for text/css is org.apache.jmeter.protocol.http.parser.CssParser
2022-05-22 17:25:58,801 INFO o.a.j.JMeter: Creating summariser <summary>
2022-05-22 17:25:58,808 INFO o.a.j.e.StandardJMeterEngine: Running the test!
2022-05-22 17:25:58,809 INFO o.a.j.s.SampleEvent: List of sample_variables: []
2022-05-22 17:25:58,809 INFO o.a.j.s.SampleEvent: List of sample_variables: []
2022-05-22 17:25:58,816 INFO o.a.j.e.u.CompoundVariable: Note: Function class names must contain the string: '.functions.'
2022-05-22 17:25:58,816 INFO o.a.j.e.u.CompoundVariable: Note: Function class names must not contain the string: '.gui.'
2022-05-22 17:25:59,173 INFO o.a.j.JMeter: Running test (1653207959173)
2022-05-22 17:25:59,214 INFO o.a.j.e.StandardJMeterEngine: Starting ThreadGroup: 1 : Thread Group
2022-05-22 17:25:59,214 INFO o.a.j.e.StandardJMeterEngine: Starting 5 threads for group Thread Group.
2022-05-22 17:25:59,214 INFO o.a.j.e.StandardJMeterEngine: Thread will continue on error
2022-05-22 17:25:59,214 INFO o.a.j.t.ThreadGroup: Starting thread group... number=1 threads=5 ramp-up=1 delayedStart=false
2022-05-22 17:25:59,223 INFO o.a.j.t.JMeterThread: Thread started: Thread Group 1-1
2022-05-22 17:25:59,225 INFO o.a.j.t.ThreadGroup: Started thread group number 1
2022-05-22 17:25:59,226 INFO o.a.j.e.StandardJMeterEngine: All thread groups have been started
2022-05-22 17:25:59,242 INFO o.a.j.p.h.s.HTTPHCAbstractImpl: Local host = koon-grambook
2022-05-22 17:25:59,253 INFO o.a.j.p.h.s.HTTPHC4Impl: HTTP request retry count = 0
2022-05-22 17:25:59,256 INFO o.a.j.s.SampleResult: Note: Sample TimeStamps are START times
2022-05-22 17:25:59,256 INFO o.a.j.s.SampleResult: sampleresult.default.encoding is set to ISO-8859-1
2022-05-22 17:25:59,256 INFO o.a.j.s.SampleResult: sampleresult.useNanoTime=true
2022-05-22 17:25:59,256 INFO o.a.j.s.SampleResult: sampleresult.nanoThreadSleep=5000
2022-05-22 17:25:59,418 INFO o.a.j.t.JMeterThread: Thread started: Thread Group 1-2
2022-05-22 17:25:59,617 INFO o.a.j.t.JMeterThread: Thread started: Thread Group 1-3
2022-05-22 17:25:59,815 INFO o.a.j.t.JMeterThread: Thread is done: Thread Group 1-1
2022-05-22 17:25:59,816 INFO o.a.j.t.JMeterThread: Thread finished: Thread Group 1-1
2022-05-22 17:25:59,817 INFO o.a.j.t.JMeterThread: Thread is done: Thread Group 1-3
2022-05-22 17:25:59,817 INFO o.a.j.t.JMeterThread: Thread finished: Thread Group 1-3
2022-05-22 17:25:59,818 INFO o.a.j.t.JMeterThread: Thread started: Thread Group 1-4
2022-05-22 17:25:59,818 INFO o.a.j.t.JMeterThread: Thread is done: Thread Group 1-2
2022-05-22 17:25:59,819 INFO o.a.j.t.JMeterThread: Thread finished: Thread Group 1-2
2022-05-22 17:25:59,872 INFO o.a.j.t.JMeterThread: Thread is done: Thread Group 1-4
2022-05-22 17:25:59,872 INFO o.a.j.t.JMeterThread: Thread finished: Thread Group 1-4
2022-05-22 17:26:00,018 INFO o.a.j.t.JMeterThread: Thread started: Thread Group 1-5
2022-05-22 17:26:00,062 INFO o.a.j.r.Summariser: summary +      5 in 00:00:01 =    5.6/s Avg:   220 Min:    40 Max:   462 Err:     0 (0.00%) Active: 1 Started: 5 Finished: 4
2022-05-22 17:26:00,062 INFO o.a.j.t.JMeterThread: Thread is done: Thread Group 1-5
2022-05-22 17:26:00,063 INFO o.a.j.t.JMeterThread: Thread finished: Thread Group 1-5
2022-05-22 17:26:00,063 INFO o.a.j.e.StandardJMeterEngine: Notifying test listeners of end of test
2022-05-22 17:26:00,064 INFO o.a.j.r.Summariser: summary =      5 in 00:00:01 =    5.6/s Avg:   220 Min:    40 Max:   462 Err:     0 (0.00%)
