2022-05-22 17:45:55,833 INFO o.a.j.u.JMeterUtils: Setting Locale to en_US
2022-05-22 17:45:55,849 INFO o.a.j.JMeter: Loading user properties from: /home/koon/jmeter/apache-jmeter-5.4.3/bin/user.properties
2022-05-22 17:45:55,850 INFO o.a.j.JMeter: Loading system properties from: /home/koon/jmeter/apache-jmeter-5.4.3/bin/system.properties
2022-05-22 17:45:55,850 INFO o.a.j.JMeter: Setting JMeter property: jmeter.save.saveservice.output_format=xml
2022-05-22 17:45:55,851 INFO o.a.j.JMeter: Setting JMeter property: ThreadGroup=100
2022-05-22 17:45:55,851 INFO o.a.j.JMeter: Setting JMeter property: RampUp=2
2022-05-22 17:45:55,859 INFO o.a.j.JMeter: Copyright (c) 1998-2021 The Apache Software Foundation
2022-05-22 17:45:55,859 INFO o.a.j.JMeter: Version 5.4.3
2022-05-22 17:45:55,859 INFO o.a.j.JMeter: java.version=1.8.0_312
2022-05-22 17:45:55,859 INFO o.a.j.JMeter: java.vm.name=OpenJDK 64-Bit Server VM
2022-05-22 17:45:55,859 INFO o.a.j.JMeter: os.name=Linux
2022-05-22 17:45:55,859 INFO o.a.j.JMeter: os.arch=amd64
2022-05-22 17:45:55,859 INFO o.a.j.JMeter: os.version=5.4.0-110-generic
2022-05-22 17:45:55,859 INFO o.a.j.JMeter: file.encoding=UTF-8
2022-05-22 17:45:55,859 INFO o.a.j.JMeter: java.awt.headless=true
2022-05-22 17:45:55,859 INFO o.a.j.JMeter: Max memory     =1823473664
2022-05-22 17:45:55,860 INFO o.a.j.JMeter: Available Processors =4
2022-05-22 17:45:55,864 INFO o.a.j.JMeter: Default Locale=English (United States)
2022-05-22 17:45:55,864 INFO o.a.j.JMeter: JMeter  Locale=English (United States)
2022-05-22 17:45:55,864 INFO o.a.j.JMeter: JMeterHome=/home/koon/jmeter/apache-jmeter-5.4.3
2022-05-22 17:45:55,864 INFO o.a.j.JMeter: user.dir  =/home/koon/jmeter/mttest_fomd/src/main/resources
2022-05-22 17:45:55,865 INFO o.a.j.JMeter: PWD       =/home/koon/jmeter/mttest_fomd/src/main/resources
2022-05-22 17:45:55,865 INFO o.a.j.JMeter: IP: 127.0.1.1 Name: koon-grambook FullName: koon-grambook
2022-05-22 17:45:55,873 INFO o.a.j.s.FileServer: Default base='/home/koon/jmeter/mttest_fomd/src/main/resources'
2022-05-22 17:45:55,874 INFO o.a.j.s.FileServer: Set new base='/home/koon/jmeter/mttest_fomd/src/main/resources'
2022-05-22 17:45:56,028 INFO o.a.j.s.SaveService: Testplan (JMX) version: 2.2. Testlog (JTL) version: 2.2
2022-05-22 17:45:56,048 INFO o.a.j.s.SaveService: Using SaveService properties file encoding UTF-8
2022-05-22 17:45:56,053 INFO o.a.j.s.SaveService: Using SaveService properties version 5.0
2022-05-22 17:45:56,059 INFO o.a.j.s.SaveService: Loading file: first.jmx
2022-05-22 17:45:56,110 INFO o.a.j.p.h.s.HTTPSamplerBase: Parser for text/html is org.apache.jmeter.protocol.http.parser.LagartoBasedHtmlParser
2022-05-22 17:45:56,110 INFO o.a.j.p.h.s.HTTPSamplerBase: Parser for application/xhtml+xml is org.apache.jmeter.protocol.http.parser.LagartoBasedHtmlParser
2022-05-22 17:45:56,110 INFO o.a.j.p.h.s.HTTPSamplerBase: Parser for application/xml is org.apache.jmeter.protocol.http.parser.LagartoBasedHtmlParser
2022-05-22 17:45:56,110 INFO o.a.j.p.h.s.HTTPSamplerBase: Parser for text/xml is org.apache.jmeter.protocol.http.parser.LagartoBasedHtmlParser
2022-05-22 17:45:56,110 INFO o.a.j.p.h.s.HTTPSamplerBase: Parser for text/vnd.wap.wml is org.apache.jmeter.protocol.http.parser.RegexpHTMLParser
2022-05-22 17:45:56,110 INFO o.a.j.p.h.s.HTTPSamplerBase: Parser for text/css is org.apache.jmeter.protocol.http.parser.CssParser
2022-05-22 17:45:56,138 INFO o.a.j.JMeter: Creating summariser <summary>
2022-05-22 17:45:56,144 INFO o.a.j.e.StandardJMeterEngine: Running the test!
2022-05-22 17:45:56,145 INFO o.a.j.s.SampleEvent: List of sample_variables: []
2022-05-22 17:45:56,145 INFO o.a.j.s.SampleEvent: List of sample_variables: []
2022-05-22 17:45:56,151 INFO o.a.j.e.u.CompoundVariable: Note: Function class names must contain the string: '.functions.'
2022-05-22 17:45:56,152 INFO o.a.j.e.u.CompoundVariable: Note: Function class names must not contain the string: '.gui.'
2022-05-22 17:45:56,517 INFO o.a.j.JMeter: Running test (1653209156517)
2022-05-22 17:45:56,566 INFO o.a.j.e.StandardJMeterEngine: Starting ThreadGroup: 1 : Thread Group
2022-05-22 17:45:56,566 INFO o.a.j.e.StandardJMeterEngine: Starting 100 threads for group Thread Group.
2022-05-22 17:45:56,566 INFO o.a.j.e.StandardJMeterEngine: Thread will continue on error
2022-05-22 17:45:56,566 INFO o.a.j.t.ThreadGroup: Starting thread group... number=1 threads=100 ramp-up=2 delayedStart=false
2022-05-22 17:45:56,575 INFO o.a.j.t.JMeterThread: Thread started: Thread Group 1-1
2022-05-22 17:45:56,590 INFO o.a.j.t.JMeterThread: Thread started: Thread Group 1-2
2022-05-22 17:45:56,601 INFO o.a.j.p.h.s.HTTPHCAbstractImpl: Local host = koon-grambook
2022-05-22 17:45:56,612 INFO o.a.j.p.h.s.HTTPHC4Impl: HTTP request retry count = 0
2022-05-22 17:45:56,613 INFO o.a.j.t.JMeterThread: Thread started: Thread Group 1-3
2022-05-22 17:45:56,615 INFO o.a.j.s.SampleResult: Note: Sample TimeStamps are START times
2022-05-22 17:45:56,615 INFO o.a.j.s.SampleResult: sampleresult.default.encoding is set to ISO-8859-1
2022-05-22 17:45:56,615 INFO o.a.j.s.SampleResult: sampleresult.useNanoTime=true
2022-05-22 17:45:56,615 INFO o.a.j.s.SampleResult: sampleresult.nanoThreadSleep=5000
2022-05-22 17:45:56,629 INFO o.a.j.t.JMeterThread: Thread started: Thread Group 1-4
2022-05-22 17:45:56,648 INFO o.a.j.t.JMeterThread: Thread started: Thread Group 1-5
2022-05-22 17:45:56,651 INFO o.a.j.t.ThreadGroup: Started thread group number 1
2022-05-22 17:45:56,651 INFO o.a.j.e.StandardJMeterEngine: All thread groups have been started
2022-05-22 17:45:56,668 INFO o.a.j.t.JMeterThread: Thread started: Thread Group 1-6
2022-05-22 17:45:56,688 INFO o.a.j.t.JMeterThread: Thread started: Thread Group 1-7
2022-05-22 17:45:56,708 INFO o.a.j.t.JMeterThread: Thread started: Thread Group 1-8
2022-05-22 17:45:56,729 INFO o.a.j.t.JMeterThread: Thread started: Thread Group 1-9
2022-05-22 17:45:56,748 INFO o.a.j.t.JMeterThread: Thread started: Thread Group 1-10
2022-05-22 17:45:56,767 INFO o.a.j.t.JMeterThread: Thread started: Thread Group 1-11
2022-05-22 17:45:56,791 INFO o.a.j.t.JMeterThread: Thread started: Thread Group 1-12
2022-05-22 17:45:56,808 INFO o.a.j.t.JMeterThread: Thread started: Thread Group 1-13
2022-05-22 17:45:56,828 INFO o.a.j.t.JMeterThread: Thread started: Thread Group 1-14
2022-05-22 17:45:56,843 INFO o.a.j.t.JMeterThread: Thread is done: Thread Group 1-5
2022-05-22 17:45:56,846 INFO o.a.j.t.JMeterThread: Thread finished: Thread Group 1-5
2022-05-22 17:45:56,848 INFO o.a.j.t.JMeterThread: Thread is done: Thread Group 1-6
2022-05-22 17:45:56,848 INFO o.a.j.t.JMeterThread: Thread finished: Thread Group 1-6
2022-05-22 17:45:56,849 INFO o.a.j.t.JMeterThread: Thread started: Thread Group 1-15
2022-05-22 17:45:56,868 INFO o.a.j.t.JMeterThread: Thread started: Thread Group 1-16
2022-05-22 17:45:56,886 INFO o.a.j.t.JMeterThread: Thread is done: Thread Group 1-10
2022-05-22 17:45:56,886 INFO o.a.j.t.JMeterThread: Thread finished: Thread Group 1-10
2022-05-22 17:45:56,887 INFO o.a.j.t.JMeterThread: Thread started: Thread Group 1-17
2022-05-22 17:45:56,908 INFO o.a.j.t.JMeterThread: Thread started: Thread Group 1-18
2022-05-22 17:45:56,913 INFO o.a.j.t.JMeterThread: Thread is done: Thread Group 1-9
2022-05-22 17:45:56,914 INFO o.a.j.t.JMeterThread: Thread finished: Thread Group 1-9
2022-05-22 17:45:56,928 INFO o.a.j.t.JMeterThread: Thread started: Thread Group 1-19
2022-05-22 17:45:56,939 INFO o.a.j.t.JMeterThread: Thread is done: Thread Group 1-2
2022-05-22 17:45:56,939 INFO o.a.j.t.JMeterThread: Thread finished: Thread Group 1-2
2022-05-22 17:45:56,953 INFO o.a.j.t.JMeterThread: Thread started: Thread Group 1-20
2022-05-22 17:45:56,970 INFO o.a.j.t.JMeterThread: Thread started: Thread Group 1-21
2022-05-22 17:45:56,987 INFO o.a.j.t.JMeterThread: Thread is done: Thread Group 1-3
2022-05-22 17:45:56,987 INFO o.a.j.t.JMeterThread: Thread is done: Thread Group 1-16
2022-05-22 17:45:56,988 INFO o.a.j.t.JMeterThread: Thread finished: Thread Group 1-16
2022-05-22 17:45:56,988 INFO o.a.j.t.JMeterThread: Thread finished: Thread Group 1-3
2022-05-22 17:45:56,995 INFO o.a.j.t.JMeterThread: Thread started: Thread Group 1-22
2022-05-22 17:45:57,003 INFO o.a.j.t.JMeterThread: Thread is done: Thread Group 1-1
2022-05-22 17:45:57,003 INFO o.a.j.t.JMeterThread: Thread finished: Thread Group 1-1
2022-05-22 17:45:57,006 INFO o.a.j.t.JMeterThread: Thread is done: Thread Group 1-22
2022-05-22 17:45:57,006 INFO o.a.j.t.JMeterThread: Thread finished: Thread Group 1-22
2022-05-22 17:45:57,006 INFO o.a.j.t.JMeterThread: Thread is done: Thread Group 1-7
2022-05-22 17:45:57,006 INFO o.a.j.t.JMeterThread: Thread finished: Thread Group 1-7
2022-05-22 17:45:57,009 INFO o.a.j.t.JMeterThread: Thread started: Thread Group 1-23
2022-05-22 17:45:57,027 INFO o.a.j.t.JMeterThread: Thread is done: Thread Group 1-15
2022-05-22 17:45:57,027 INFO o.a.j.t.JMeterThread: Thread finished: Thread Group 1-15
2022-05-22 17:45:57,029 INFO o.a.j.t.JMeterThread: Thread started: Thread Group 1-24
2022-05-22 17:45:57,032 INFO o.a.j.t.JMeterThread: Thread is done: Thread Group 1-20
2022-05-22 17:45:57,032 INFO o.a.j.t.JMeterThread: Thread finished: Thread Group 1-20
2022-05-22 17:45:57,039 INFO o.a.j.t.JMeterThread: Thread is done: Thread Group 1-4
2022-05-22 17:45:57,039 INFO o.a.j.t.JMeterThread: Thread finished: Thread Group 1-4
2022-05-22 17:45:57,048 INFO o.a.j.t.JMeterThread: Thread started: Thread Group 1-25
2022-05-22 17:45:57,056 INFO o.a.j.t.JMeterThread: Thread is done: Thread Group 1-18
2022-05-22 17:45:57,056 INFO o.a.j.t.JMeterThread: Thread finished: Thread Group 1-18
2022-05-22 17:45:57,062 INFO o.a.j.t.JMeterThread: Thread is done: Thread Group 1-12
2022-05-22 17:45:57,062 INFO o.a.j.t.JMeterThread: Thread finished: Thread Group 1-12
2022-05-22 17:45:57,065 INFO o.a.j.t.JMeterThread: Thread is done: Thread Group 1-13
2022-05-22 17:45:57,065 INFO o.a.j.t.JMeterThread: Thread finished: Thread Group 1-13
2022-05-22 17:45:57,068 INFO o.a.j.t.JMeterThread: Thread started: Thread Group 1-26
2022-05-22 17:45:57,068 INFO o.a.j.t.JMeterThread: Thread is done: Thread Group 1-11
2022-05-22 17:45:57,068 INFO o.a.j.t.JMeterThread: Thread finished: Thread Group 1-11
2022-05-22 17:45:57,070 INFO o.a.j.t.JMeterThread: Thread is done: Thread Group 1-19
2022-05-22 17:45:57,071 INFO o.a.j.t.JMeterThread: Thread finished: Thread Group 1-19
2022-05-22 17:45:57,088 INFO o.a.j.t.JMeterThread: Thread started: Thread Group 1-27
2022-05-22 17:45:57,110 INFO o.a.j.t.JMeterThread: Thread started: Thread Group 1-28
2022-05-22 17:45:57,125 INFO o.a.j.t.JMeterThread: Thread is done: Thread Group 1-14
2022-05-22 17:45:57,125 INFO o.a.j.t.JMeterThread: Thread finished: Thread Group 1-14
2022-05-22 17:45:57,129 INFO o.a.j.t.JMeterThread: Thread started: Thread Group 1-29
2022-05-22 17:45:57,147 INFO o.a.j.t.JMeterThread: Thread started: Thread Group 1-30
2022-05-22 17:45:57,148 INFO o.a.j.t.JMeterThread: Thread is done: Thread Group 1-8
2022-05-22 17:45:57,149 INFO o.a.j.t.JMeterThread: Thread finished: Thread Group 1-8
2022-05-22 17:45:57,168 INFO o.a.j.t.JMeterThread: Thread started: Thread Group 1-31
2022-05-22 17:45:57,174 INFO o.a.j.t.JMeterThread: Thread is done: Thread Group 1-23
2022-05-22 17:45:57,174 INFO o.a.j.t.JMeterThread: Thread finished: Thread Group 1-23
2022-05-22 17:45:57,188 INFO o.a.j.t.JMeterThread: Thread started: Thread Group 1-32
2022-05-22 17:45:57,207 INFO o.a.j.t.JMeterThread: Thread is done: Thread Group 1-21
2022-05-22 17:45:57,207 INFO o.a.j.t.JMeterThread: Thread finished: Thread Group 1-21
2022-05-22 17:45:57,209 INFO o.a.j.t.JMeterThread: Thread started: Thread Group 1-33
2022-05-22 17:45:57,228 INFO o.a.j.t.JMeterThread: Thread started: Thread Group 1-34
2022-05-22 17:45:57,238 INFO o.a.j.t.JMeterThread: Thread is done: Thread Group 1-17
2022-05-22 17:45:57,238 INFO o.a.j.t.JMeterThread: Thread finished: Thread Group 1-17
2022-05-22 17:45:57,238 INFO o.a.j.t.JMeterThread: Thread is done: Thread Group 1-26
2022-05-22 17:45:57,238 INFO o.a.j.t.JMeterThread: Thread finished: Thread Group 1-26
2022-05-22 17:45:57,248 INFO o.a.j.t.JMeterThread: Thread started: Thread Group 1-35
2022-05-22 17:45:57,264 INFO o.a.j.t.JMeterThread: Thread is done: Thread Group 1-27
2022-05-22 17:45:57,264 INFO o.a.j.t.JMeterThread: Thread finished: Thread Group 1-27
2022-05-22 17:45:57,268 INFO o.a.j.t.JMeterThread: Thread started: Thread Group 1-36
2022-05-22 17:45:57,274 INFO o.a.j.t.JMeterThread: Thread is done: Thread Group 1-25
2022-05-22 17:45:57,274 INFO o.a.j.t.JMeterThread: Thread finished: Thread Group 1-25
2022-05-22 17:45:57,288 INFO o.a.j.t.JMeterThread: Thread started: Thread Group 1-37
2022-05-22 17:45:57,309 INFO o.a.j.t.JMeterThread: Thread started: Thread Group 1-38
2022-05-22 17:45:57,328 INFO o.a.j.t.JMeterThread: Thread started: Thread Group 1-39
2022-05-22 17:45:57,332 INFO o.a.j.t.JMeterThread: Thread is done: Thread Group 1-30
2022-05-22 17:45:57,332 INFO o.a.j.t.JMeterThread: Thread finished: Thread Group 1-30
2022-05-22 17:45:57,341 INFO o.a.j.t.JMeterThread: Thread is done: Thread Group 1-31
2022-05-22 17:45:57,341 INFO o.a.j.t.JMeterThread: Thread finished: Thread Group 1-31
2022-05-22 17:45:57,344 INFO o.a.j.t.JMeterThread: Thread is done: Thread Group 1-29
2022-05-22 17:45:57,344 INFO o.a.j.t.JMeterThread: Thread finished: Thread Group 1-29
2022-05-22 17:45:57,348 INFO o.a.j.t.JMeterThread: Thread started: Thread Group 1-40
2022-05-22 17:45:57,360 INFO o.a.j.t.JMeterThread: Thread is done: Thread Group 1-24
2022-05-22 17:45:57,360 INFO o.a.j.t.JMeterThread: Thread finished: Thread Group 1-24
2022-05-22 17:45:57,361 INFO o.a.j.t.JMeterThread: Thread is done: Thread Group 1-35
2022-05-22 17:45:57,362 INFO o.a.j.t.JMeterThread: Thread finished: Thread Group 1-35
2022-05-22 17:45:57,366 INFO o.a.j.t.JMeterThread: Thread is done: Thread Group 1-34
2022-05-22 17:45:57,367 INFO o.a.j.t.JMeterThread: Thread started: Thread Group 1-41
2022-05-22 17:45:57,368 INFO o.a.j.t.JMeterThread: Thread finished: Thread Group 1-34
2022-05-22 17:45:57,368 INFO o.a.j.t.JMeterThread: Thread is done: Thread Group 1-36
2022-05-22 17:45:57,368 INFO o.a.j.t.JMeterThread: Thread finished: Thread Group 1-36
2022-05-22 17:45:57,388 INFO o.a.j.t.JMeterThread: Thread started: Thread Group 1-42
2022-05-22 17:45:57,392 INFO o.a.j.t.JMeterThread: Thread is done: Thread Group 1-33
2022-05-22 17:45:57,392 INFO o.a.j.t.JMeterThread: Thread finished: Thread Group 1-33
2022-05-22 17:45:57,400 INFO o.a.j.t.JMeterThread: Thread is done: Thread Group 1-37
2022-05-22 17:45:57,400 INFO o.a.j.t.JMeterThread: Thread finished: Thread Group 1-37
2022-05-22 17:45:57,401 INFO o.a.j.t.JMeterThread: Thread is done: Thread Group 1-32
2022-05-22 17:45:57,401 INFO o.a.j.t.JMeterThread: Thread finished: Thread Group 1-32
2022-05-22 17:45:57,408 INFO o.a.j.t.JMeterThread: Thread started: Thread Group 1-43
2022-05-22 17:45:57,430 INFO o.a.j.t.JMeterThread: Thread started: Thread Group 1-44
2022-05-22 17:45:57,431 INFO o.a.j.t.JMeterThread: Thread is done: Thread Group 1-28
2022-05-22 17:45:57,431 INFO o.a.j.t.JMeterThread: Thread finished: Thread Group 1-28
2022-05-22 17:45:57,432 INFO o.a.j.t.JMeterThread: Thread is done: Thread Group 1-39
2022-05-22 17:45:57,432 INFO o.a.j.t.JMeterThread: Thread finished: Thread Group 1-39
2022-05-22 17:45:57,434 INFO o.a.j.t.JMeterThread: Thread is done: Thread Group 1-41
2022-05-22 17:45:57,434 INFO o.a.j.t.JMeterThread: Thread finished: Thread Group 1-41
2022-05-22 17:45:57,448 INFO o.a.j.t.JMeterThread: Thread started: Thread Group 1-45
2022-05-22 17:45:57,461 INFO o.a.j.t.JMeterThread: Thread is done: Thread Group 1-42
2022-05-22 17:45:57,461 INFO o.a.j.t.JMeterThread: Thread finished: Thread Group 1-42
2022-05-22 17:45:57,467 INFO o.a.j.t.JMeterThread: Thread is done: Thread Group 1-40
2022-05-22 17:45:57,467 INFO o.a.j.t.JMeterThread: Thread finished: Thread Group 1-40
2022-05-22 17:45:57,469 INFO o.a.j.t.JMeterThread: Thread is done: Thread Group 1-44
2022-05-22 17:45:57,469 INFO o.a.j.t.JMeterThread: Thread finished: Thread Group 1-44
2022-05-22 17:45:57,470 INFO o.a.j.t.JMeterThread: Thread started: Thread Group 1-46
2022-05-22 17:45:57,488 INFO o.a.j.t.JMeterThread: Thread is done: Thread Group 1-43
2022-05-22 17:45:57,488 INFO o.a.j.t.JMeterThread: Thread finished: Thread Group 1-43
2022-05-22 17:45:57,488 INFO o.a.j.t.JMeterThread: Thread is done: Thread Group 1-38
2022-05-22 17:45:57,489 INFO o.a.j.t.JMeterThread: Thread finished: Thread Group 1-38
2022-05-22 17:45:57,489 INFO o.a.j.t.JMeterThread: Thread started: Thread Group 1-47
2022-05-22 17:45:57,508 INFO o.a.j.t.JMeterThread: Thread started: Thread Group 1-48
2022-05-22 17:45:57,531 INFO o.a.j.t.JMeterThread: Thread is done: Thread Group 1-45
2022-05-22 17:45:57,531 INFO o.a.j.t.JMeterThread: Thread finished: Thread Group 1-45
2022-05-22 17:45:57,531 INFO o.a.j.t.JMeterThread: Thread started: Thread Group 1-49
2022-05-22 17:45:57,548 INFO o.a.j.t.JMeterThread: Thread started: Thread Group 1-50
2022-05-22 17:45:57,568 INFO o.a.j.t.JMeterThread: Thread started: Thread Group 1-51
2022-05-22 17:45:57,575 INFO o.a.j.t.JMeterThread: Thread is done: Thread Group 1-46
2022-05-22 17:45:57,575 INFO o.a.j.t.JMeterThread: Thread finished: Thread Group 1-46
2022-05-22 17:45:57,587 INFO o.a.j.t.JMeterThread: Thread started: Thread Group 1-52
2022-05-22 17:45:57,593 INFO o.a.j.t.JMeterThread: Thread is done: Thread Group 1-48
2022-05-22 17:45:57,593 INFO o.a.j.t.JMeterThread: Thread finished: Thread Group 1-48
2022-05-22 17:45:57,594 INFO o.a.j.t.JMeterThread: Thread is done: Thread Group 1-51
2022-05-22 17:45:57,594 INFO o.a.j.t.JMeterThread: Thread finished: Thread Group 1-51
2022-05-22 17:45:57,603 INFO o.a.j.t.JMeterThread: Thread is done: Thread Group 1-47
2022-05-22 17:45:57,603 INFO o.a.j.t.JMeterThread: Thread finished: Thread Group 1-47
2022-05-22 17:45:57,604 INFO o.a.j.t.JMeterThread: Thread is done: Thread Group 1-52
2022-05-22 17:45:57,604 INFO o.a.j.t.JMeterThread: Thread finished: Thread Group 1-52
2022-05-22 17:45:57,606 INFO o.a.j.t.JMeterThread: Thread is done: Thread Group 1-50
2022-05-22 17:45:57,606 INFO o.a.j.t.JMeterThread: Thread finished: Thread Group 1-50
2022-05-22 17:45:57,608 INFO o.a.j.t.JMeterThread: Thread started: Thread Group 1-53
2022-05-22 17:45:57,608 INFO o.a.j.t.JMeterThread: Thread is done: Thread Group 1-49
2022-05-22 17:45:57,608 INFO o.a.j.t.JMeterThread: Thread finished: Thread Group 1-49
2022-05-22 17:45:57,625 INFO o.a.j.t.JMeterThread: Thread is done: Thread Group 1-53
2022-05-22 17:45:57,625 INFO o.a.j.t.JMeterThread: Thread finished: Thread Group 1-53
2022-05-22 17:45:57,629 INFO o.a.j.t.JMeterThread: Thread started: Thread Group 1-54
2022-05-22 17:45:57,641 INFO o.a.j.t.JMeterThread: Thread is done: Thread Group 1-54
2022-05-22 17:45:57,641 INFO o.a.j.t.JMeterThread: Thread finished: Thread Group 1-54
2022-05-22 17:45:57,661 INFO o.a.j.t.JMeterThread: Thread started: Thread Group 1-55
2022-05-22 17:45:57,669 INFO o.a.j.t.JMeterThread: Thread started: Thread Group 1-56
2022-05-22 17:45:57,673 INFO o.a.j.t.JMeterThread: Thread is done: Thread Group 1-55
2022-05-22 17:45:57,673 INFO o.a.j.t.JMeterThread: Thread finished: Thread Group 1-55
2022-05-22 17:45:57,686 INFO o.a.j.t.JMeterThread: Thread is done: Thread Group 1-56
2022-05-22 17:45:57,686 INFO o.a.j.t.JMeterThread: Thread finished: Thread Group 1-56
2022-05-22 17:45:57,689 INFO o.a.j.t.JMeterThread: Thread started: Thread Group 1-57
2022-05-22 17:45:57,701 INFO o.a.j.t.JMeterThread: Thread is done: Thread Group 1-57
2022-05-22 17:45:57,701 INFO o.a.j.t.JMeterThread: Thread finished: Thread Group 1-57
2022-05-22 17:45:57,709 INFO o.a.j.t.JMeterThread: Thread started: Thread Group 1-58
2022-05-22 17:45:57,722 INFO o.a.j.t.JMeterThread: Thread is done: Thread Group 1-58
2022-05-22 17:45:57,723 INFO o.a.j.t.JMeterThread: Thread finished: Thread Group 1-58
2022-05-22 17:45:57,730 INFO o.a.j.t.JMeterThread: Thread started: Thread Group 1-59
2022-05-22 17:45:57,748 INFO o.a.j.t.JMeterThread: Thread is done: Thread Group 1-59
2022-05-22 17:45:57,748 INFO o.a.j.t.JMeterThread: Thread finished: Thread Group 1-59
2022-05-22 17:45:57,748 INFO o.a.j.t.JMeterThread: Thread started: Thread Group 1-60
2022-05-22 17:45:57,763 INFO o.a.j.t.JMeterThread: Thread is done: Thread Group 1-60
2022-05-22 17:45:57,763 INFO o.a.j.t.JMeterThread: Thread finished: Thread Group 1-60
2022-05-22 17:45:57,772 INFO o.a.j.t.JMeterThread: Thread started: Thread Group 1-61
2022-05-22 17:45:57,786 INFO o.a.j.t.JMeterThread: Thread is done: Thread Group 1-61
2022-05-22 17:45:57,786 INFO o.a.j.t.JMeterThread: Thread finished: Thread Group 1-61
2022-05-22 17:45:57,788 INFO o.a.j.t.JMeterThread: Thread started: Thread Group 1-62
2022-05-22 17:45:57,804 INFO o.a.j.t.JMeterThread: Thread is done: Thread Group 1-62
2022-05-22 17:45:57,804 INFO o.a.j.t.JMeterThread: Thread finished: Thread Group 1-62
2022-05-22 17:45:57,809 INFO o.a.j.t.JMeterThread: Thread started: Thread Group 1-63
2022-05-22 17:45:57,824 INFO o.a.j.t.JMeterThread: Thread is done: Thread Group 1-63
2022-05-22 17:45:57,824 INFO o.a.j.t.JMeterThread: Thread finished: Thread Group 1-63
2022-05-22 17:45:57,829 INFO o.a.j.t.JMeterThread: Thread started: Thread Group 1-64
2022-05-22 17:45:57,847 INFO o.a.j.t.JMeterThread: Thread is done: Thread Group 1-64
2022-05-22 17:45:57,848 INFO o.a.j.t.JMeterThread: Thread finished: Thread Group 1-64
2022-05-22 17:45:57,848 INFO o.a.j.t.JMeterThread: Thread started: Thread Group 1-65
2022-05-22 17:45:57,865 INFO o.a.j.t.JMeterThread: Thread is done: Thread Group 1-65
2022-05-22 17:45:57,865 INFO o.a.j.t.JMeterThread: Thread finished: Thread Group 1-65
2022-05-22 17:45:57,868 INFO o.a.j.t.JMeterThread: Thread started: Thread Group 1-66
2022-05-22 17:45:57,881 INFO o.a.j.t.JMeterThread: Thread is done: Thread Group 1-66
2022-05-22 17:45:57,881 INFO o.a.j.t.JMeterThread: Thread finished: Thread Group 1-66
2022-05-22 17:45:57,887 INFO o.a.j.t.JMeterThread: Thread started: Thread Group 1-67
2022-05-22 17:45:57,899 INFO o.a.j.t.JMeterThread: Thread is done: Thread Group 1-67
2022-05-22 17:45:57,899 INFO o.a.j.t.JMeterThread: Thread finished: Thread Group 1-67
2022-05-22 17:45:57,909 INFO o.a.j.t.JMeterThread: Thread started: Thread Group 1-68
2022-05-22 17:45:57,923 INFO o.a.j.t.JMeterThread: Thread is done: Thread Group 1-68
2022-05-22 17:45:57,924 INFO o.a.j.t.JMeterThread: Thread finished: Thread Group 1-68
2022-05-22 17:45:57,929 INFO o.a.j.t.JMeterThread: Thread started: Thread Group 1-69
2022-05-22 17:45:57,939 INFO o.a.j.t.JMeterThread: Thread is done: Thread Group 1-69
2022-05-22 17:45:57,939 INFO o.a.j.t.JMeterThread: Thread finished: Thread Group 1-69
2022-05-22 17:45:57,949 INFO o.a.j.t.JMeterThread: Thread started: Thread Group 1-70
2022-05-22 17:45:57,968 INFO o.a.j.t.JMeterThread: Thread is done: Thread Group 1-70
2022-05-22 17:45:57,968 INFO o.a.j.t.JMeterThread: Thread finished: Thread Group 1-70
2022-05-22 17:45:57,968 INFO o.a.j.t.JMeterThread: Thread started: Thread Group 1-71
2022-05-22 17:45:57,977 INFO o.a.j.t.JMeterThread: Thread is done: Thread Group 1-71
2022-05-22 17:45:57,977 INFO o.a.j.t.JMeterThread: Thread finished: Thread Group 1-71
2022-05-22 17:45:57,988 INFO o.a.j.t.JMeterThread: Thread started: Thread Group 1-72
2022-05-22 17:45:58,002 INFO o.a.j.t.JMeterThread: Thread is done: Thread Group 1-72
2022-05-22 17:45:58,002 INFO o.a.j.t.JMeterThread: Thread finished: Thread Group 1-72
2022-05-22 17:45:58,007 INFO o.a.j.t.JMeterThread: Thread started: Thread Group 1-73
2022-05-22 17:45:58,022 INFO o.a.j.t.JMeterThread: Thread is done: Thread Group 1-73
2022-05-22 17:45:58,022 INFO o.a.j.t.JMeterThread: Thread finished: Thread Group 1-73
2022-05-22 17:45:58,027 INFO o.a.j.t.JMeterThread: Thread started: Thread Group 1-74
2022-05-22 17:45:58,039 INFO o.a.j.t.JMeterThread: Thread is done: Thread Group 1-74
2022-05-22 17:45:58,039 INFO o.a.j.t.JMeterThread: Thread finished: Thread Group 1-74
2022-05-22 17:45:58,048 INFO o.a.j.t.JMeterThread: Thread started: Thread Group 1-75
2022-05-22 17:45:58,056 INFO o.a.j.t.JMeterThread: Thread is done: Thread Group 1-75
2022-05-22 17:45:58,056 INFO o.a.j.t.JMeterThread: Thread finished: Thread Group 1-75
2022-05-22 17:45:58,068 INFO o.a.j.t.JMeterThread: Thread started: Thread Group 1-76
2022-05-22 17:45:58,078 INFO o.a.j.t.JMeterThread: Thread is done: Thread Group 1-76
2022-05-22 17:45:58,078 INFO o.a.j.t.JMeterThread: Thread finished: Thread Group 1-76
2022-05-22 17:45:58,087 INFO o.a.j.t.JMeterThread: Thread started: Thread Group 1-77
2022-05-22 17:45:58,099 INFO o.a.j.t.JMeterThread: Thread is done: Thread Group 1-77
2022-05-22 17:45:58,099 INFO o.a.j.t.JMeterThread: Thread finished: Thread Group 1-77
2022-05-22 17:45:58,107 INFO o.a.j.t.JMeterThread: Thread started: Thread Group 1-78
2022-05-22 17:45:58,123 INFO o.a.j.t.JMeterThread: Thread is done: Thread Group 1-78
2022-05-22 17:45:58,123 INFO o.a.j.t.JMeterThread: Thread finished: Thread Group 1-78
2022-05-22 17:45:58,128 INFO o.a.j.t.JMeterThread: Thread started: Thread Group 1-79
2022-05-22 17:45:58,139 INFO o.a.j.t.JMeterThread: Thread is done: Thread Group 1-79
2022-05-22 17:45:58,139 INFO o.a.j.t.JMeterThread: Thread finished: Thread Group 1-79
2022-05-22 17:45:58,148 INFO o.a.j.t.JMeterThread: Thread started: Thread Group 1-80
2022-05-22 17:45:58,159 INFO o.a.j.t.JMeterThread: Thread is done: Thread Group 1-80
2022-05-22 17:45:58,159 INFO o.a.j.t.JMeterThread: Thread finished: Thread Group 1-80
2022-05-22 17:45:58,168 INFO o.a.j.t.JMeterThread: Thread started: Thread Group 1-81
2022-05-22 17:45:58,176 INFO o.a.j.t.JMeterThread: Thread is done: Thread Group 1-81
2022-05-22 17:45:58,176 INFO o.a.j.t.JMeterThread: Thread finished: Thread Group 1-81
2022-05-22 17:45:58,189 INFO o.a.j.t.JMeterThread: Thread started: Thread Group 1-82
2022-05-22 17:45:58,201 INFO o.a.j.t.JMeterThread: Thread is done: Thread Group 1-82
2022-05-22 17:45:58,201 INFO o.a.j.t.JMeterThread: Thread finished: Thread Group 1-82
2022-05-22 17:45:58,212 INFO o.a.j.t.JMeterThread: Thread started: Thread Group 1-83
2022-05-22 17:45:58,220 INFO o.a.j.t.JMeterThread: Thread is done: Thread Group 1-83
2022-05-22 17:45:58,221 INFO o.a.j.t.JMeterThread: Thread finished: Thread Group 1-83
2022-05-22 17:45:58,230 INFO o.a.j.t.JMeterThread: Thread started: Thread Group 1-84
2022-05-22 17:45:58,239 INFO o.a.j.t.JMeterThread: Thread is done: Thread Group 1-84
2022-05-22 17:45:58,239 INFO o.a.j.t.JMeterThread: Thread finished: Thread Group 1-84
2022-05-22 17:45:58,248 INFO o.a.j.t.JMeterThread: Thread started: Thread Group 1-85
2022-05-22 17:45:58,262 INFO o.a.j.t.JMeterThread: Thread is done: Thread Group 1-85
2022-05-22 17:45:58,263 INFO o.a.j.t.JMeterThread: Thread finished: Thread Group 1-85
2022-05-22 17:45:58,267 INFO o.a.j.t.JMeterThread: Thread started: Thread Group 1-86
2022-05-22 17:45:58,276 INFO o.a.j.t.JMeterThread: Thread is done: Thread Group 1-86
2022-05-22 17:45:58,276 INFO o.a.j.t.JMeterThread: Thread finished: Thread Group 1-86
2022-05-22 17:45:58,287 INFO o.a.j.t.JMeterThread: Thread started: Thread Group 1-87
2022-05-22 17:45:58,299 INFO o.a.j.t.JMeterThread: Thread is done: Thread Group 1-87
2022-05-22 17:45:58,299 INFO o.a.j.t.JMeterThread: Thread finished: Thread Group 1-87
2022-05-22 17:45:58,308 INFO o.a.j.t.JMeterThread: Thread started: Thread Group 1-88
2022-05-22 17:45:58,317 INFO o.a.j.t.JMeterThread: Thread is done: Thread Group 1-88
2022-05-22 17:45:58,318 INFO o.a.j.t.JMeterThread: Thread finished: Thread Group 1-88
2022-05-22 17:45:58,328 INFO o.a.j.t.JMeterThread: Thread started: Thread Group 1-89
2022-05-22 17:45:58,337 INFO o.a.j.t.JMeterThread: Thread is done: Thread Group 1-89
2022-05-22 17:45:58,337 INFO o.a.j.t.JMeterThread: Thread finished: Thread Group 1-89
2022-05-22 17:45:58,347 INFO o.a.j.t.JMeterThread: Thread started: Thread Group 1-90
2022-05-22 17:45:58,359 INFO o.a.j.t.JMeterThread: Thread is done: Thread Group 1-90
2022-05-22 17:45:58,359 INFO o.a.j.t.JMeterThread: Thread finished: Thread Group 1-90
2022-05-22 17:45:58,368 INFO o.a.j.t.JMeterThread: Thread started: Thread Group 1-91
2022-05-22 17:45:58,379 INFO o.a.j.t.JMeterThread: Thread is done: Thread Group 1-91
2022-05-22 17:45:58,379 INFO o.a.j.t.JMeterThread: Thread finished: Thread Group 1-91
2022-05-22 17:45:58,388 INFO o.a.j.t.JMeterThread: Thread started: Thread Group 1-92
2022-05-22 17:45:58,400 INFO o.a.j.t.JMeterThread: Thread is done: Thread Group 1-92
2022-05-22 17:45:58,400 INFO o.a.j.t.JMeterThread: Thread finished: Thread Group 1-92
2022-05-22 17:45:58,410 INFO o.a.j.t.JMeterThread: Thread started: Thread Group 1-93
2022-05-22 17:45:58,419 INFO o.a.j.t.JMeterThread: Thread is done: Thread Group 1-93
2022-05-22 17:45:58,419 INFO o.a.j.t.JMeterThread: Thread finished: Thread Group 1-93
2022-05-22 17:45:58,429 INFO o.a.j.t.JMeterThread: Thread started: Thread Group 1-94
2022-05-22 17:45:58,439 INFO o.a.j.t.JMeterThread: Thread is done: Thread Group 1-94
2022-05-22 17:45:58,439 INFO o.a.j.t.JMeterThread: Thread finished: Thread Group 1-94
2022-05-22 17:45:58,448 INFO o.a.j.t.JMeterThread: Thread started: Thread Group 1-95
2022-05-22 17:45:58,460 INFO o.a.j.t.JMeterThread: Thread is done: Thread Group 1-95
2022-05-22 17:45:58,460 INFO o.a.j.t.JMeterThread: Thread finished: Thread Group 1-95
2022-05-22 17:45:58,468 INFO o.a.j.t.JMeterThread: Thread started: Thread Group 1-96
2022-05-22 17:45:58,477 INFO o.a.j.t.JMeterThread: Thread is done: Thread Group 1-96
2022-05-22 17:45:58,477 INFO o.a.j.t.JMeterThread: Thread finished: Thread Group 1-96
2022-05-22 17:45:58,488 INFO o.a.j.t.JMeterThread: Thread started: Thread Group 1-97
2022-05-22 17:45:58,500 INFO o.a.j.t.JMeterThread: Thread is done: Thread Group 1-97
2022-05-22 17:45:58,500 INFO o.a.j.t.JMeterThread: Thread finished: Thread Group 1-97
2022-05-22 17:45:58,507 INFO o.a.j.t.JMeterThread: Thread started: Thread Group 1-98
2022-05-22 17:45:58,516 INFO o.a.j.t.JMeterThread: Thread is done: Thread Group 1-98
2022-05-22 17:45:58,516 INFO o.a.j.t.JMeterThread: Thread finished: Thread Group 1-98
2022-05-22 17:45:58,527 INFO o.a.j.t.JMeterThread: Thread started: Thread Group 1-99
2022-05-22 17:45:58,538 INFO o.a.j.t.JMeterThread: Thread is done: Thread Group 1-99
2022-05-22 17:45:58,538 INFO o.a.j.t.JMeterThread: Thread finished: Thread Group 1-99
2022-05-22 17:45:58,548 INFO o.a.j.t.JMeterThread: Thread started: Thread Group 1-100
2022-05-22 17:45:58,560 INFO o.a.j.t.JMeterThread: Thread is done: Thread Group 1-100
2022-05-22 17:45:58,560 INFO o.a.j.t.JMeterThread: Thread finished: Thread Group 1-100
2022-05-22 17:45:58,560 INFO o.a.j.e.StandardJMeterEngine: Notifying test listeners of end of test
2022-05-22 17:45:58,563 INFO o.a.j.r.Summariser: summary =    100 in 00:00:02 =   48.9/s Avg:    92 Min:     6 Max:   438 Err:     0 (0.00%)
